<?xml version="1.0" encoding="UTF-8"?>
<!-- Generated by org.testng.reporters.JUnitReportReporter -->
<testsuite hostname="DESKTOP-ASANGT6" failures="0" tests="1" name="com.mystore.testcases.LoginPageTest" time="28.510" errors="0" timestamp="2022-07-19T13:51:47 IST" skipped="0">
  <testcase classname="com.mystore.testcases.LoginPageTest" name="loginTest" time="28.510"/>
  <system-out/>
</testsuite> <!-- com.mystore.testcases.LoginPageTest -->
