<?xml version="1.0" encoding="UTF-8"?>
<!-- Generated by org.testng.reporters.JUnitReportReporter -->
<testsuite hostname="DESKTOP-ASANGT6" failures="0" tests="2" name="com.mystore.testcases.HomePageTest" time="47.342" errors="0" timestamp="2022-07-19T14:13:43 IST" skipped="0">
  <testcase classname="com.mystore.testcases.HomePageTest" name="orderHistoryandDetailsTest" time="25.083"/>
  <system-out/>
  <testcase classname="com.mystore.testcases.HomePageTest" name="wishListTest" time="22.259"/>
  <system-out/>
</testsuite> <!-- com.mystore.testcases.HomePageTest -->
