<?xml version="1.0" encoding="UTF-8"?>
<!-- Generated by org.testng.reporters.JUnitReportReporter -->
<testsuite hostname="DESKTOP-ASANGT6" failures="0" tests="1" name="com.mystore.testcases.SearchResultPageTest" time="93.775" errors="0" timestamp="2022-07-19T15:57:28 IST" skipped="0">
  <testcase classname="com.mystore.testcases.SearchResultPageTest" name="productAvailibilityTest" time="93.775"/>
  <system-out/>
</testsuite> <!-- com.mystore.testcases.SearchResultPageTest -->
