<?xml version="1.0" encoding="UTF-8"?>
<!-- Generated by org.testng.reporters.JUnitReportReporter -->
<testsuite hostname="DESKTOP-ASANGT6" failures="0" tests="2" name="com.mystore.testcases.IndexPageTest" time="113.405" errors="0" timestamp="2022-07-19T12:02:25 IST" skipped="0">
  <testcase classname="com.mystore.testcases.IndexPageTest" name="verifyTitle" time="84.850"/>
  <system-out/>
  <testcase classname="com.mystore.testcases.IndexPageTest" name="verifyLogo" time="28.555"/>
  <system-out/>
</testsuite> <!-- com.mystore.testcases.IndexPageTest -->
